python3 scripts/gen_p11_thunks.py --profile=fips-strict
[gen_p11_thunks] profile=fips-strict approved=66 non-approved=12 total=78
[gen_p11_thunks] wrote /media/sf_outputs/freehsm_c/include/fhsm_pkcs11_mechanisms.h
[gen_p11_thunks] wrote /media/sf_outputs/freehsm_c/src/gen/fhsm_dispatch.c
[gen_p11_thunks] wrote /media/sf_outputs/freehsm_c/docs/MECHANISMS.md
cc -Wall -Wextra -Wpedantic -Werror -Wstrict-prototypes -Wshadow -Wpointer-arith -Wcast-align -Wwrite-strings -Wnested-externs -Wmissing-prototypes -Wmissing-declarations -Wredundant-decls -Wstrict-aliasing=2 -Wformat=2 -Wformat-security -Wno-format-nonliteral -Wnull-dereference -Wdouble-promotion -Wconversion -Wno-sign-conversion -Wno-unused-parameter -fstack-protector-strong -D_FORTIFY_SOURCE=2 -fPIC -fstack-clash-protection -fcf-protection=full -fvisibility=hidden -fno-strict-aliasing -fno-omit-frame-pointer -DOPENSSL_API_COMPAT=0x30000000L -ffile-prefix-map=/media/sf_outputs/freehsm_c= -fdebug-prefix-map=/media/sf_outputs/freehsm_c= -frandom-seed=fhsm-1.0.0-FIPS -Wno-builtin-macro-redefined -D__DATE__='"redacted"' -D__TIME__='"redacted"' -g3 -O2 -std=c11 -D_GNU_SOURCE -Iinclude -I/usr/include -Isrc/dispatch -c -o src/fhsm_crypto.o src/fhsm_crypto.c
cc -Wall -Wextra -Wpedantic -Werror -Wstrict-prototypes -Wshadow -Wpointer-arith -Wcast-align -Wwrite-strings -Wnested-externs -Wmissing-prototypes -Wmissing-declarations -Wredundant-decls -Wstrict-aliasing=2 -Wformat=2 -Wformat-security -Wno-format-nonliteral -Wnull-dereference -Wdouble-promotion -Wconversion -Wno-sign-conversion -Wno-unused-parameter -fstack-protector-strong -D_FORTIFY_SOURCE=2 -fPIC -fstack-clash-protection -fcf-protection=full -fvisibility=hidden -fno-strict-aliasing -fno-omit-frame-pointer -DOPENSSL_API_COMPAT=0x30000000L -ffile-prefix-map=/media/sf_outputs/freehsm_c= -fdebug-prefix-map=/media/sf_outputs/freehsm_c= -frandom-seed=fhsm-1.0.0-FIPS -Wno-builtin-macro-redefined -D__DATE__='"redacted"' -D__TIME__='"redacted"' -g3 -O2 -std=c11 -D_GNU_SOURCE -Iinclude -I/usr/include -Isrc/dispatch -c -o src/gen/fhsm_dispatch.o src/gen/fhsm_dispatch.c
cc -Wall -Wextra -Wpedantic -Werror -Wstrict-prototypes -Wshadow -Wpointer-arith -Wcast-align -Wwrite-strings -Wnested-externs -Wmissing-prototypes -Wmissing-declarations -Wredundant-decls -Wstrict-aliasing=2 -Wformat=2 -Wformat-security -Wno-format-nonliteral -Wnull-dereference -Wdouble-promotion -Wconversion -Wno-sign-conversion -Wno-unused-parameter -fstack-protector-strong -D_FORTIFY_SOURCE=2 -fPIC -fstack-clash-protection -fcf-protection=full -fvisibility=hidden -fno-strict-aliasing -fno-omit-frame-pointer -DOPENSSL_API_COMPAT=0x30000000L -ffile-prefix-map=/media/sf_outputs/freehsm_c= -fdebug-prefix-map=/media/sf_outputs/freehsm_c= -frandom-seed=fhsm-1.0.0-FIPS -Wno-builtin-macro-redefined -D__DATE__='"redacted"' -D__TIME__='"redacted"' -g3 -O2 -std=c11 -D_GNU_SOURCE -Iinclude -I/usr/include -Isrc/dispatch -c -o kat/fhsm_kat_vectors.o kat/fhsm_kat_vectors.c
cc -shared -Wl,-soname,libfreehsm-fips.so -o libfreehsm-fips.so src/fhsm_state.o src/fhsm_memory.o src/fhsm_crypto.o src/fhsm_audit.o src/fhsm_pkcs11.o src/fhsm_token.o src/fhsm_session.o src/fhsm_integrity.o src/gen/fhsm_dispatch.o src/dispatch/fhsm_dispatch_common.o src/dispatch/fhsm_dispatch_digest.o src/dispatch/fhsm_dispatch_hmac.o src/dispatch/fhsm_dispatch_aes.o src/dispatch/fhsm_dispatch_kdf.o src/dispatch/fhsm_dispatch_pkey.o src/dispatch/fhsm_dispatch_pq.o src/dispatch/fhsm_dispatch_kmac.o src/dispatch/fhsm_dispatch_concat.o src/dispatch/fhsm_dispatch_hybrid.o kat/fhsm_kat_vectors.o -Wl,-z,relro,-z,now,-z,noexecstack,-z,defs -Wl,--no-undefined -Wl,--build-id=none -Wl,--hash-style=gnu -Wl,--sort-common -L/usr/lib64 -L/usr/lib -lcrypto -ldl -pthread
cc -Wall -Wextra -Wpedantic -Werror -Wstrict-prototypes -Wshadow -Wpointer-arith -Wcast-align -Wwrite-strings -Wnested-externs -Wmissing-prototypes -Wmissing-declarations -Wredundant-decls -Wstrict-aliasing=2 -Wformat=2 -Wformat-security -Wno-format-nonliteral -Wnull-dereference -Wdouble-promotion -Wconversion -Wno-sign-conversion -Wno-unused-parameter -fstack-protector-strong -D_FORTIFY_SOURCE=2 -fPIC -fstack-clash-protection -fcf-protection=full -fvisibility=hidden -fno-strict-aliasing -fno-omit-frame-pointer -DOPENSSL_API_COMPAT=0x30000000L -ffile-prefix-map=/media/sf_outputs/freehsm_c= -fdebug-prefix-map=/media/sf_outputs/freehsm_c= -frandom-seed=fhsm-1.0.0-FIPS -Wno-builtin-macro-redefined -D__DATE__='"redacted"' -D__TIME__='"redacted"' -g3 -O2 -std=c11 -D_GNU_SOURCE -Iinclude -I/usr/include -Isrc/dispatch -o tests/test_smoke tests/test_smoke.c -L. -Wl,-rpath,'$ORIGIN/..' -lfreehsm-fips -Wl,-z,relro,-z,now,-z,noexecstack,-z,defs -Wl,--no-undefined -Wl,--build-id=none -Wl,--hash-style=gnu -Wl,--sort-common -L/usr/lib64 -L/usr/lib -lcrypto -ldl -pthread
/usr/bin/ld: /tmp/ccFZWoxt.o: in function `main':
tests/test_smoke.c:34:(.text.startup+0x4d): undefined reference to `fhsm_state_get'
/usr/bin/ld: tests/test_smoke.c:38:(.text.startup+0x67): undefined reference to `fhsm_rng_bytes'
/usr/bin/ld: tests/test_smoke.c:42:(.text.startup+0x97): undefined reference to `fhsm_rng_bytes'
/usr/bin/ld: tests/test_smoke.c:43:(.text.startup+0xc7): undefined reference to `fhsm_rng_bytes'
/usr/bin/ld: tests/test_smoke.c:44:(.text.startup+0xf7): undefined reference to `fhsm_rng_bytes'
/usr/bin/ld: tests/test_smoke.c:47:(.text.startup+0x16f): undefined reference to `fhsm_aes_gcm_encrypt'
/usr/bin/ld: tests/test_smoke.c:56:(.text.startup+0x1f3): undefined reference to `fhsm_aes_gcm_decrypt'
/usr/bin/ld: tests/test_smoke.c:64:(.text.startup+0x2ae): undefined reference to `fhsm_ct_memcmp'
/usr/bin/ld: tests/test_smoke.c:69:(.text.startup+0x323): undefined reference to `fhsm_aes_gcm_decrypt'
/usr/bin/ld: tests/test_smoke.c:79:(.text.startup+0x361): undefined reference to `fhsm_kat_results'
/usr/bin/ld: tests/test_smoke.c:91:(.text.startup+0x3f1): undefined reference to `fhsm_state_get'
collect2: error: ld returned 1 exit status
make: *** [Makefile:148: tests/test_smoke] Error 1
